(---------------------------------------------------------------------)
(                                                                     )
(    ARTWORK LOG                                                      )
(                                                                     )
(    Drawing          : LAUNCHXL-CC26X2R1.brd                         )
(    Software Version : 17.2S041                                      )
(    Date/Time        : Thu Oct 04 13:25:34 2018                      )
(                                                                     )
(---------------------------------------------------------------------)


 ---- Photoplot outline rectangle not found; using drawing extents.




 Can't open parameter file ... using default values:
     DEVICE-TYPE        GERBER6X00
     G-CODES            NO
     STATIONS-PER-WHEEL 24
     FILM-SIZE          24000 16000
     COORDINATES        ABSOLUTE
     OUTPUT-UNITS       INCHES
     FORMAT             5.3
     ABORT-ON-ERROR     abort film & continue
     SUPPRESS-LEAD-ZEROES     YES
     SUPPRESS-TRAIL-ZEROES    NO
     OPTIMIZE           YES
     SUPPRESS-EQUAL     YES
     SCALE              1.0



 WARNING: Generating english output data from a metric database
 may cause slight roundoff error of coordinates in output file.




================================================================
     PROCESSING FILM < paste_top >
     TO FILE < C:/PROJECTS/LP-BP/LAUNCHXL-CC26X2R1/DESIGN/HW/CADENCE/allegro/LAUNCHXL-CC26X2R1_paste_top.art > ...
================================================================

  FILM PARAMETERS :
  ---------------------------------------------------------
  Undefined line width                0.099 MM
  Mirror code                         NONE
  Rotate angle                        NONE
  Offset x:                           0.000
  Offset y:                           0.000
  Plot negative                       NO
  Suppress unconnected internal pads  DYNAMIC
  Draw holes only                     NO

    WARNING: text composed 0 width line found at (239.625 174.950) in MM
           ... using undefined line width of 0.099 MM

    WARNING: text having Multiple 0 width lines; all will be treated the same as the first.
           ... using undefined line width of 0.099 MM



  APERTURES USED (UNIT = IN):
  ---------------------------------------------------------
  TYPE       SIZE/NAME                   ROT   MIRROR MODE 
  ---------------------------------------------------------
  CIRCLE     0.00390                                  DARK 
  CIRCLE     0.00394                                  DARK 
  CIRCLE     0.05000                                  DARK 
  SQUARE     0.12795                     0.000 NO     DARK 
  SQUARE     0.20669                     0.000 NO     DARK 
  RECTANGLE  0.01181     x 0.06693      90.000 NO     DARK 
  RECTANGLE  0.03543     x 0.06693       0.000 NO     DARK 
  RECTANGLE  0.06496     x 0.09843       0.000 NO     DARK 
  RECTANGLE  0.06496     x 0.09843      90.000 NO     DARK 
  OBLONG     0.00791     x 0.05909       0.000 NO     DARK 
  OBLONG     0.00791     x 0.05909      90.000 NO     DARK 
  OBLONG     0.00984     x 0.02559       0.000 NO     DARK 
  OBLONG     0.01181     x 0.03350       0.000 NO     DARK 
  OBLONG     0.01181     x 0.03350      90.000 NO     DARK 
  OBLONG     0.01571     x 0.03539      90.000 NO     DARK 
  OBLONG     0.02169     x 0.08071       0.000 NO     DARK 
  OBLONG     0.02362     x 0.06102      90.000 NO     DARK 
  OBLONG     0.02953     x 0.03346       0.000 NO     DARK 
  PAD SHAPE  SHAPE_1150RECTX1450         0.000 NO     DARK 
  PAD SHAPE  SHAPE_300RECTX900           0.000 NO     DARK 
  PAD SHAPE  SHAPE_300RECTX450           0.000 NO     DARK 
  PAD SHAPE  SHAPE_1400RECTX1900         0.000 NO     DARK 
  PAD SHAPE  SHAPE_1450RECTX2100         0.000 NO     DARK 
  PAD SHAPE  SHAPE_1000RECTX1400         0.000 NO     DARK 
  PAD SHAPE  SHAPE_250RECTX800           0.000 NO     DARK 
  PAD SHAPE  SHAPE_350RECTX400_ETCH      0.000 NO     DARK 
  PAD SHAPE  SHAPE_500RECTX525           0.000 NO     DARK 
  PAD SHAPE  SHAPE_300RECTX1000          0.000 NO     DARK 
  PAD SHAPE  SHAPE_300RECT750            0.000 NO     DARK 
  PAD SHAPE  SHAPE_600RECT700            0.000 NO     DARK 
  PAD SHAPE  SHAPE_1150RECT1400          0.000 NO     DARK 
  PAD SHAPE  SHAPE_300RECT400            0.000 NO     DARK 
  PAD SHAPE  SHAPE_950RECTX1000_ETCH     0.000 NO     DARK 
  PAD SHAPE  SHAPE_2400X1650__ETCH       0.000 NO     DARK 
  PAD SHAPE  SHAPE_640RECTX650           0.000 NO     DARK 
  PAD SHAPE  SHAPE_300RECTX1450          0.000 NO     DARK 
  PAD SHAPE  SHAPE_450RECTX1400          0.000 NO     DARK 
  PAD SHAPE  BULLET_300X800_ETCH         0.000 NO     DARK 
  PAD SHAPE  SHAPE_300RECTX1450         90.000 NO     DARK 
  PAD SHAPE  SHAPE_950RECTX1000_ETCH    90.000 NO     DARK 
  PAD SHAPE  SHAPE_600X1700_ETCH        90.000 NO     DARK 
  PAD SHAPE  SHAPE_750RECT750           90.000 NO     DARK 
  PAD SHAPE  SHAPE_600RECTX1350         90.000 NO     DARK 
  PAD SHAPE  SHAPE_2350RECT2550         90.000 NO     DARK 
  PAD SHAPE  SHAPE_900RECTX1300         90.000 NO     DARK 
  PAD SHAPE  SHAPE_950RECT1000          90.000 NO     DARK 
  PAD SHAPE  SHAPE_200RECTX650          90.000 NO     DARK 
  PAD SHAPE  SHAPE_640RECTX650          90.000 NO     DARK 
  PAD SHAPE  SHAPE_1150RECTX1800_ETCH   90.000 NO     DARK 
  PAD SHAPE  SHAPE_1000RECT1800         90.000 NO     DARK 
  PAD SHAPE  SHAPE_500RECTX525          90.000 NO     DARK 
  PAD SHAPE  BULLET_300X800_ETCH        90.000 NO     DARK 
  PAD SHAPE  SHAPE_400RECTX500          90.000 NO     DARK 
  PAD SHAPE  SHAPE_200RECTX900          90.000 NO     DARK 
  PAD SHAPE  SHAPE_1150RECTX4800        90.000 NO     DARK 
  PAD SHAPE  SHAPE_1200RECTX1400_ETCH   90.000 NO     DARK 
  PAD SHAPE  SHAPE_300RECTX900          90.000 NO     DARK 
  PAD SHAPE  SHAPE_1150RECTX1450        90.000 NO     DARK 
  PAD SHAPE  SHAPE_500RECTX525         135.000 NO     DARK 
  PAD SHAPE  SHAPE_1150RECTX1450       180.000 NO     DARK 
  PAD SHAPE  SHAPE_200RECTX650         180.000 NO     DARK 
  PAD SHAPE  SHAPE_640RECTX650         180.000 NO     DARK 
  PAD SHAPE  SHAPE_200RECTX800         180.000 NO     DARK 
  PAD SHAPE  SHAPE_500RECTX525         180.000 NO     DARK 
  PAD SHAPE  SHAPE_750RECT900          180.000 NO     DARK 
  PAD SHAPE  SHAPE_950RECTX1000_ETCH   180.000 NO     DARK 
  PAD SHAPE  SHAPE_250RECTX800         180.000 NO     DARK 
  PAD SHAPE  SHAPE_400RECTX1200        180.000 NO     DARK 
  PAD SHAPE  SHAPE_450RECTX1500        180.000 NO     DARK 
  PAD SHAPE  SHAPE_300RECTX1000        180.000 NO     DARK 
  PAD SHAPE  SHAPE_1000RECTX1400       180.000 NO     DARK 
  PAD SHAPE  BULLET_300X800_ETCH       180.000 NO     DARK 
  PAD SHAPE  SHAPE_800RECTX900_ETCH    180.000 NO     DARK 
  PAD SHAPE  SHAPE_900RECTX1300        180.000 NO     DARK 
  PAD SHAPE  SHAPE_350RECTX400_ETCH    180.000 NO     DARK 
  PAD SHAPE  SHAPE_950RECT1000         180.000 NO     DARK 
  PAD SHAPE  SHAPE_2400X1650__ETCH     180.000 NO     DARK 
  PAD SHAPE  SHAPE_600RECTX1350        180.000 NO     DARK 
  PAD SHAPE  SHAPE_1000RECTX1400       270.000 NO     DARK 
  PAD SHAPE  SHAPE_900RECTX1300        270.000 NO     DARK 
  PAD SHAPE  SHAPE_950RECTX1000_ETCH   270.000 NO     DARK 
  PAD SHAPE  SHAPE_350RECTX400_ETCH    270.000 NO     DARK 
  PAD SHAPE  SHAPE_300RECTX1000        270.000 NO     DARK 
  PAD SHAPE  SHAPE_1150RECTX1450       270.000 NO     DARK 
  PAD SHAPE  SHAPE_1150RECTX2700_ETCH  270.000 NO     DARK 
  PAD SHAPE  SHAPE_300RECTX700_ETCH    270.000 NO     DARK 
  PAD SHAPE  SHAPE_1200RECT1400        270.000 NO     DARK 
  PAD SHAPE  SHAPE_600RECTX1350        270.000 NO     DARK 
  PAD SHAPE  SHAPE_750RECT750          270.000 NO     DARK 
  PAD SHAPE  SHAPE_600X1700_ETCH       270.000 NO     DARK 
  PAD SHAPE  SHAPE_350RECT800          270.000 NO     DARK 
  PAD SHAPE  SHAPE_500RECTX525         270.000 NO     DARK 
  PAD SHAPE  BULLET_300X800_ETCH       270.000 NO     DARK 
  PAD SHAPE  SHAPE_200RECTX800         270.000 NO     DARK 
  PAD SHAPE  SHAPE_640RECTX650         270.000 NO     DARK 
  PAD SHAPE  SHAPE_300RECT750          270.000 NO     DARK 
  PAD SHAPE  SHAPE_950RECT1000         270.000 NO     DARK 
  PAD SHAPE  SHAPE_500RECTX525         315.000 NO     DARK 

     LAUNCHXL-CC26X2R1_paste_top created with warnings


================================================================
     PROCESSING FILM < paste_bottom >
     TO FILE < C:/PROJECTS/LP-BP/LAUNCHXL-CC26X2R1/DESIGN/HW/CADENCE/allegro/LAUNCHXL-CC26X2R1_paste_bottom.art > ...
================================================================

  FILM PARAMETERS :
  ---------------------------------------------------------
  Undefined line width                0.099 MM
  Mirror code                         NONE
  Rotate angle                        NONE
  Offset x:                           0.000
  Offset y:                           0.000
  Plot negative                       NO
  Suppress unconnected internal pads  DYNAMIC
  Draw holes only                     NO



  APERTURES USED (UNIT = IN):
  ---------------------------------------------------------
  TYPE       SIZE/NAME                   ROT   MIRROR MODE 
  ---------------------------------------------------------
  CIRCLE     0.00390                                  DARK 
  CIRCLE     0.00394                                  DARK 
  CIRCLE     0.05000                                  DARK 

     LAUNCHXL-CC26X2R1_paste_bottom created with warnings


================================================================
     PROCESSING FILM < soldmask_top >
     TO FILE < C:/PROJECTS/LP-BP/LAUNCHXL-CC26X2R1/DESIGN/HW/CADENCE/allegro/LAUNCHXL-CC26X2R1_soldmask_top.art > ...
================================================================

  FILM PARAMETERS :
  ---------------------------------------------------------
  Undefined line width                0.099 MM
  Mirror code                         NONE
  Rotate angle                        NONE
  Offset x:                           0.000
  Offset y:                           0.000
  Plot negative                       NO
  Suppress unconnected internal pads  DYNAMIC
  Draw holes only                     NO



  APERTURES USED (UNIT = IN):
  ---------------------------------------------------------
  TYPE       SIZE/NAME                   ROT   MIRROR MODE 
  ---------------------------------------------------------
  CIRCLE     0.00390                                  DARK 
  CIRCLE     0.00394                                  DARK 
  CIRCLE     0.04331                                  DARK 
  CIRCLE     0.04724                                  DARK 
  CIRCLE     0.05591                                  DARK 
  CIRCLE     0.07087                                  DARK 
  CIRCLE     0.07280                                  DARK 
  CIRCLE     0.13390                                  DARK 
  CIRCLE     0.15551                                  DARK 
  SQUARE     0.13386                     0.000 NO     DARK 
  SQUARE     0.21260                     0.000 NO     DARK 
  RECTANGLE  0.01772     x 0.07283      90.000 NO     DARK 
  RECTANGLE  0.04134     x 0.07283       0.000 NO     DARK 
  RECTANGLE  0.07087     x 0.10433       0.000 NO     DARK 
  RECTANGLE  0.07087     x 0.10433      90.000 NO     DARK 
  OBLONG     0.01181     x 0.06500       0.000 NO     DARK 
  OBLONG     0.01181     x 0.06500      90.000 NO     DARK 
  OBLONG     0.01378     x 0.02953       0.000 NO     DARK 
  OBLONG     0.01571     x 0.03740       0.000 NO     DARK 
  OBLONG     0.01571     x 0.03740      90.000 NO     DARK 
  OBLONG     0.02169     x 0.04130      90.000 NO     DARK 
  OBLONG     0.02760     x 0.08661       0.000 NO     DARK 
  OBLONG     0.02953     x 0.06693      90.000 NO     DARK 
  OBLONG     0.03543     x 0.03937       0.000 NO     DARK 
  OBLONG     0.06102     x 0.08858       0.000 NO     DARK 
  PAD SHAPE  SHAPE_1300RECT1550          0.000 NO     DARK 
  PAD SHAPE  SHAPE_740RECTX750           0.000 NO     DARK 
  PAD SHAPE  SHAPE_750RECT850            0.000 NO     DARK 
  PAD SHAPE  SHAPE_650RECTX675           0.000 NO     DARK 
  PAD SHAPE  SHAPE_1150RECTX1550         0.000 NO     DARK 
  PAD SHAPE  SHAPE_400RECT500            0.000 NO     DARK 
  PAD SHAPE  SHAPE_1550RECTX2050         0.000 NO     DARK 
  PAD SHAPE  SHAPE_450RECTX500_SM100     0.000 NO     DARK 
  PAD SHAPE  SHAPE_1550RECTX2200         0.000 NO     DARK 
  PAD SHAPE  BULLET_400X900_SM           0.000 NO     DARK 
  PAD SHAPE  SHAPE_400RECTX1000          0.000 NO     DARK 
  PAD SHAPE  SHAPE_400RECTX1100          0.000 NO     DARK 
  PAD SHAPE  SHAPE_400RECTX550           0.000 NO     DARK 
  PAD SHAPE  SHAPE_400RECT850            0.000 NO     DARK 
  PAD SHAPE  SHAPE_350RECTX900           0.000 NO     DARK 
  PAD SHAPE  SHAPE_400RECTX1550          0.000 NO     DARK 
  PAD SHAPE  SHAPE_1300RECTX1600         0.000 NO     DARK 
  PAD SHAPE  SHAPE_1100RECTX1150_SM150   0.000 NO     DARK 
  PAD SHAPE  SHAPE_550RECTX1500          0.000 NO     DARK 
  PAD SHAPE  SHAPE_2400X1650__SM         0.000 NO     DARK 
  PAD SHAPE  SHAPE_300RECTX1000         90.000 NO     DARK 
  PAD SHAPE  SHAPE_1150RECT1950         90.000 NO     DARK 
  PAD SHAPE  SHAPE_900RECT900           90.000 NO     DARK 
  PAD SHAPE  SHAPE_650RECTX675          90.000 NO     DARK 
  PAD SHAPE  SHAPE_400RECTX1550         90.000 NO     DARK 
  PAD SHAPE  SHAPE_2500RECT2700         90.000 NO     DARK 
  PAD SHAPE  BULLET_400X900_SM          90.000 NO     DARK 
  PAD SHAPE  SHAPE_400RECTX1000         90.000 NO     DARK 
  PAD SHAPE  SHAPE_740RECTX750          90.000 NO     DARK 
  PAD SHAPE  SHAPE_1100RECTX1150_SM150  90.000 NO     DARK 
  PAD SHAPE  SHAPE_550RECTX650          90.000 NO     DARK 
  PAD SHAPE  SHAPE_1300RECTX1600        90.000 NO     DARK 
  PAD SHAPE  SHAPE_1100RECT1150         90.000 NO     DARK 
  PAD SHAPE  SHAPE_750RECTX1500         90.000 NO     DARK 
  PAD SHAPE  SHAPE_300RECTX750          90.000 NO     DARK 
  PAD SHAPE  SHAPE_1300RECTX4950        90.000 NO     DARK 
  PAD SHAPE  SHAPE_1350RECTX1550_SM150  90.000 NO     DARK 
  PAD SHAPE  SHAPE_600X1700_SM          90.000 NO     DARK 
  PAD SHAPE  SHAPE_1050RECTX1450        90.000 NO     DARK 
  PAD SHAPE  SHAPE_1300RECTX1950_SM150  90.000 NO     DARK 
  PAD SHAPE  SHAPE_650RECTX675         135.000 NO     DARK 
  PAD SHAPE  SHAPE_740RECTX750         180.000 NO     DARK 
  PAD SHAPE  SHAPE_650RECTX675         180.000 NO     DARK 
  PAD SHAPE  SHAPE_1100RECT1150        180.000 NO     DARK 
  PAD SHAPE  SHAPE_1050RECTX1450       180.000 NO     DARK 
  PAD SHAPE  SHAPE_1300RECTX1600       180.000 NO     DARK 
  PAD SHAPE  SHAPE_1150RECTX1550       180.000 NO     DARK 
  PAD SHAPE  SHAPE_2400X1650__SM       180.000 NO     DARK 
  PAD SHAPE  SHAPE_300RECTX900         180.000 NO     DARK 
  PAD SHAPE  SHAPE_900RECT1050         180.000 NO     DARK 
  PAD SHAPE  SHAPE_750RECTX1500        180.000 NO     DARK 
  PAD SHAPE  BULLET_400X900_SM         180.000 NO     DARK 
  PAD SHAPE  SHAPE_450RECTX500_SM100   180.000 NO     DARK 
  PAD SHAPE  SHAPE_400RECTX1100        180.000 NO     DARK 
  PAD SHAPE  SHAPE_350RECTX900         180.000 NO     DARK 
  PAD SHAPE  SHAPE_550RECTX1600        180.000 NO     DARK 
  PAD SHAPE  SHAPE_1100RECTX1150_SM150 180.000 NO     DARK 
  PAD SHAPE  SHAPE_550RECTX1350        180.000 NO     DARK 
  PAD SHAPE  SHAPE_300RECTX750         180.000 NO     DARK 
  PAD SHAPE  SHAPE_950RECTX1050_SM150  180.000 NO     DARK 
  PAD SHAPE  SHAPE_400RECTX1100        270.000 NO     DARK 
  PAD SHAPE  SHAPE_1300RECTX2850_SM150 270.000 NO     DARK 
  PAD SHAPE  SHAPE_900RECT900          270.000 NO     DARK 
  PAD SHAPE  SHAPE_1300RECTX1600       270.000 NO     DARK 
  PAD SHAPE  SHAPE_300RECTX900         270.000 NO     DARK 
  PAD SHAPE  SHAPE_750RECTX1500        270.000 NO     DARK 
  PAD SHAPE  SHAPE_450RECTX500_SM100   270.000 NO     DARK 
  PAD SHAPE  SHAPE_450RECT900          270.000 NO     DARK 
  PAD SHAPE  SHAPE_1050RECTX1450       270.000 NO     DARK 
  PAD SHAPE  SHAPE_1100RECTX1150_SM150 270.000 NO     DARK 
  PAD SHAPE  SHAPE_400RECT850          270.000 NO     DARK 
  PAD SHAPE  BULLET_400X900_SM         270.000 NO     DARK 
  PAD SHAPE  SHAPE_400RECTX800_SM100   270.000 NO     DARK 
  PAD SHAPE  SHAPE_650RECTX675         270.000 NO     DARK 
  PAD SHAPE  SHAPE_1350RECT1550        270.000 NO     DARK 
  PAD SHAPE  SHAPE_1150RECTX1550       270.000 NO     DARK 
  PAD SHAPE  SHAPE_740RECTX750         270.000 NO     DARK 
  PAD SHAPE  SHAPE_600X1700_SM         270.000 NO     DARK 
  PAD SHAPE  SHAPE_1100RECT1150        270.000 NO     DARK 
  PAD SHAPE  SHAPE_650RECTX675         315.000 NO     DARK 

     LAUNCHXL-CC26X2R1_soldmask_top created with warnings


================================================================
     PROCESSING FILM < soldmask_bottom >
     TO FILE < C:/PROJECTS/LP-BP/LAUNCHXL-CC26X2R1/DESIGN/HW/CADENCE/allegro/LAUNCHXL-CC26X2R1_soldmask_bottom.art > ...
================================================================

  FILM PARAMETERS :
  ---------------------------------------------------------
  Undefined line width                0.099 MM
  Mirror code                         NONE
  Rotate angle                        NONE
  Offset x:                           0.000
  Offset y:                           0.000
  Plot negative                       NO
  Suppress unconnected internal pads  DYNAMIC
  Draw holes only                     NO



  APERTURES USED (UNIT = IN):
  ---------------------------------------------------------
  TYPE       SIZE/NAME                   ROT   MIRROR MODE 
  ---------------------------------------------------------
  CIRCLE     0.00390                                  DARK 
  CIRCLE     0.00394                                  DARK 
  CIRCLE     0.02358                                  DARK 
  CIRCLE     0.03740                                  DARK 
  CIRCLE     0.04331                                  DARK 
  CIRCLE     0.04724                                  DARK 
  CIRCLE     0.05591                                  DARK 
  CIRCLE     0.07087                                  DARK 
  CIRCLE     0.07280                                  DARK 
  CIRCLE     0.13390                                  DARK 
  CIRCLE     0.15551                                  DARK 
  OBLONG     0.06102     x 0.08858       0.000 NO     DARK 

     LAUNCHXL-CC26X2R1_soldmask_bottom created with warnings


================================================================
     PROCESSING FILM < silk_top >
     TO FILE < C:/PROJECTS/LP-BP/LAUNCHXL-CC26X2R1/DESIGN/HW/CADENCE/allegro/LAUNCHXL-CC26X2R1_silk_top.art > ...
================================================================

  FILM PARAMETERS :
  ---------------------------------------------------------
  Undefined line width                0.099 MM
  Mirror code                         NONE
  Rotate angle                        NONE
  Offset x:                           0.000
  Offset y:                           0.000
  Plot negative                       NO
  Suppress unconnected internal pads  DYNAMIC
  Draw holes only                     NO



  APERTURES USED (UNIT = IN):
  ---------------------------------------------------------
  TYPE       SIZE/NAME                   ROT   MIRROR MODE 
  ---------------------------------------------------------
  CIRCLE     0.00390                                  DARK 
  CIRCLE     0.00394                                  DARK 
  CIRCLE     0.00709                                  DARK 
  CIRCLE     0.01181                                  DARK 
  CIRCLE     0.01969                                  DARK 

     LAUNCHXL-CC26X2R1_silk_top created with warnings


================================================================
     PROCESSING FILM < silk_bottom >
     TO FILE < C:/PROJECTS/LP-BP/LAUNCHXL-CC26X2R1/DESIGN/HW/CADENCE/allegro/LAUNCHXL-CC26X2R1_silk_bottom.art > ...
================================================================

  FILM PARAMETERS :
  ---------------------------------------------------------
  Undefined line width                0.099 MM
  Mirror code                         NONE
  Rotate angle                        NONE
  Offset x:                           0.000
  Offset y:                           0.000
  Plot negative                       NO
  Suppress unconnected internal pads  DYNAMIC
  Draw holes only                     NO



  APERTURES USED (UNIT = IN):
  ---------------------------------------------------------
  TYPE       SIZE/NAME                   ROT   MIRROR MODE 
  ---------------------------------------------------------
  CIRCLE     0.00390                                  DARK 
  CIRCLE     0.00394                                  DARK 
  CIRCLE     0.00551                                  DARK 
  CIRCLE     0.00709                                  DARK 

     LAUNCHXL-CC26X2R1_silk_bottom created with warnings


================================================================
     PROCESSING FILM < assembly_bottom >
     TO FILE < C:/PROJECTS/LP-BP/LAUNCHXL-CC26X2R1/DESIGN/HW/CADENCE/allegro/LAUNCHXL-CC26X2R1_assembly_bottom.art > ...
================================================================

  FILM PARAMETERS :
  ---------------------------------------------------------
  Undefined line width                0.099 MM
  Mirror code                         NONE
  Rotate angle                        NONE
  Offset x:                           0.000
  Offset y:                           0.000
  Plot negative                       NO
  Suppress unconnected internal pads  DYNAMIC
  Draw holes only                     NO

    WARNING: 0 width line found at (205.900 202.500) in MM
           ... using undefined line width of 0.099 MM

    WARNING: Multiple 0 width lines; all will be treated the same as the first.
           ... using undefined line width of 0.099 MM



  APERTURES USED (UNIT = IN):
  ---------------------------------------------------------
  TYPE       SIZE/NAME                   ROT   MIRROR MODE 
  ---------------------------------------------------------
  CIRCLE     0.00197                                  DARK 
  CIRCLE     0.00390                                  DARK 
  CIRCLE     0.00394                                  DARK 

     LAUNCHXL-CC26X2R1_assembly_bottom created with warnings


================================================================
     PROCESSING FILM < Top >
     TO FILE < C:/PROJECTS/LP-BP/LAUNCHXL-CC26X2R1/DESIGN/HW/CADENCE/allegro/LAUNCHXL-CC26X2R1_Top.art > ...
================================================================

  FILM PARAMETERS :
  ---------------------------------------------------------
  Undefined line width                0.099 MM
  Mirror code                         NONE
  Rotate angle                        NONE
  Offset x:                           0.000
  Offset y:                           0.000
  Plot negative                       NO
  Suppress unconnected internal pads  DYNAMIC
  Draw holes only                     NO



  APERTURES USED (UNIT = IN):
  ---------------------------------------------------------
  TYPE       SIZE/NAME                   ROT   MIRROR MODE 
  ---------------------------------------------------------
  CIRCLE     0.00390                                  DARK 
  CIRCLE     0.00394                                  DARK 
  CIRCLE     0.00591                                  DARK 
  CIRCLE     0.00787                                  DARK 
  CIRCLE     0.01181                                  DARK 
  CIRCLE     0.01575                                  DARK 
  CIRCLE     0.01693                                  DARK 
  CIRCLE     0.01969                                  DARK 
  CIRCLE     0.05000                                  DARK 
  CIRCLE     0.06496                                  DARK 
  CIRCLE     0.06689                                  DARK 
  CIRCLE     0.14961                                  DARK 
  SQUARE     0.12795                     0.000 NO     DARK 
  SQUARE     0.20669                     0.000 NO     DARK 
  RECTANGLE  0.01181     x 0.06693      90.000 NO     DARK 
  RECTANGLE  0.01811     x 0.01969       0.000 NO     DARK 
  RECTANGLE  0.01969     x 0.03941      90.000 NO     DARK 
  RECTANGLE  0.03543     x 0.06693       0.000 NO     DARK 
  RECTANGLE  0.06496     x 0.09843       0.000 NO     DARK 
  RECTANGLE  0.06496     x 0.09843      90.000 NO     DARK 
  OBLONG     0.00791     x 0.05909       0.000 NO     DARK 
  OBLONG     0.00791     x 0.05909      90.000 NO     DARK 
  OBLONG     0.00984     x 0.02559       0.000 NO     DARK 
  OBLONG     0.01181     x 0.03350       0.000 NO     DARK 
  OBLONG     0.01181     x 0.03350      90.000 NO     DARK 
  OBLONG     0.01571     x 0.03539      90.000 NO     DARK 
  OBLONG     0.02169     x 0.08071       0.000 NO     DARK 
  OBLONG     0.02362     x 0.06102      90.000 NO     DARK 
  OBLONG     0.02953     x 0.03346       0.000 NO     DARK 
  OBLONG     0.05512     x 0.08268       0.000 NO     DARK 
  PAD SHAPE  SHAPE_300RECTX1000          0.000 NO     DARK 
  PAD SHAPE  SHAPE_600RECT700            0.000 NO     DARK 
  PAD SHAPE  SHAPE_300RECT750            0.000 NO     DARK 
  PAD SHAPE  SHAPE_950RECTX1000_ETCH     0.000 NO     DARK 
  PAD SHAPE  SHAPE_640RECTX650           0.000 NO     DARK 
  PAD SHAPE  SHAPE_1150RECT1400          0.000 NO     DARK 
  PAD SHAPE  SHAPE_500RECTX525           0.000 NO     DARK 
  PAD SHAPE  SHAPE_250RECTX800           0.000 NO     DARK 
  PAD SHAPE  SHAPE_450RECTX1400          0.000 NO     DARK 
  PAD SHAPE  SHAPE_1400RECTX1900         0.000 NO     DARK 
  PAD SHAPE  SHAPE_300RECTX900           0.000 NO     DARK 
  PAD SHAPE  SHAPE_300RECTX1450          0.000 NO     DARK 
  PAD SHAPE  SHAPE_300RECTX450           0.000 NO     DARK 
  PAD SHAPE  SHAPE_1450RECTX2100         0.000 NO     DARK 
  PAD SHAPE  SHAPE_350RECTX400_ETCH      0.000 NO     DARK 
  PAD SHAPE  SHAPE_1150RECTX1450         0.000 NO     DARK 
  PAD SHAPE  SHAPE_300RECT400            0.000 NO     DARK 
  PAD SHAPE  BULLET_300X800_ETCH         0.000 NO     DARK 
  PAD SHAPE  SHAPE_1000RECTX1400         0.000 NO     DARK 
  PAD SHAPE  SHAPE_2400X1650__ETCH       0.000 NO     DARK 
  PAD SHAPE  SHAPE_900RECTX1300         90.000 NO     DARK 
  PAD SHAPE  SHAPE_300RECTX1450         90.000 NO     DARK 
  PAD SHAPE  SHAPE_950RECT1000          90.000 NO     DARK 
  PAD SHAPE  SHAPE_600RECTX1350         90.000 NO     DARK 
  PAD SHAPE  SHAPE_750RECT750           90.000 NO     DARK 
  PAD SHAPE  SHAPE_1150RECTX4800        90.000 NO     DARK 
  PAD SHAPE  BULLET_300X800_ETCH        90.000 NO     DARK 
  PAD SHAPE  SHAPE_600X1700_ETCH        90.000 NO     DARK 
  PAD SHAPE  SHAPE_640RECTX650          90.000 NO     DARK 
  PAD SHAPE  SHAPE_1000RECT1800         90.000 NO     DARK 
  PAD SHAPE  SHAPE_1200RECTX1400_ETCH   90.000 NO     DARK 
  PAD SHAPE  SHAPE_500RECTX525          90.000 NO     DARK 
  PAD SHAPE  SHAPE_1150RECTX1800_ETCH   90.000 NO     DARK 
  PAD SHAPE  SHAPE_1150RECTX1450        90.000 NO     DARK 
  PAD SHAPE  SHAPE_950RECTX1000_ETCH    90.000 NO     DARK 
  PAD SHAPE  SHAPE_300RECTX900          90.000 NO     DARK 
  PAD SHAPE  SHAPE_400RECTX500          90.000 NO     DARK 
  PAD SHAPE  SHAPE_2350RECT2550         90.000 NO     DARK 
  PAD SHAPE  SHAPE_200RECTX650          90.000 NO     DARK 
  PAD SHAPE  SHAPE_200RECTX900          90.000 NO     DARK 
  PAD SHAPE  SHAPE_500RECTX525         135.000 NO     DARK 
  PAD SHAPE  SHAPE_800RECTX900_ETCH    180.000 NO     DARK 
  PAD SHAPE  SHAPE_640RECTX650         180.000 NO     DARK 
  PAD SHAPE  SHAPE_1000RECTX1400       180.000 NO     DARK 
  PAD SHAPE  SHAPE_750RECT900          180.000 NO     DARK 
  PAD SHAPE  SHAPE_350RECTX400_ETCH    180.000 NO     DARK 
  PAD SHAPE  SHAPE_950RECTX1000_ETCH   180.000 NO     DARK 
  PAD SHAPE  BULLET_300X800_ETCH       180.000 NO     DARK 
  PAD SHAPE  SHAPE_300RECTX1000        180.000 NO     DARK 
  PAD SHAPE  SHAPE_950RECT1000         180.000 NO     DARK 
  PAD SHAPE  SHAPE_200RECTX800         180.000 NO     DARK 
  PAD SHAPE  SHAPE_500RECTX525         180.000 NO     DARK 
  PAD SHAPE  SHAPE_600RECTX1350        180.000 NO     DARK 
  PAD SHAPE  SHAPE_400RECTX1200        180.000 NO     DARK 
  PAD SHAPE  SHAPE_450RECTX1500        180.000 NO     DARK 
  PAD SHAPE  SHAPE_900RECTX1300        180.000 NO     DARK 
  PAD SHAPE  SHAPE_2400X1650__ETCH     180.000 NO     DARK 
  PAD SHAPE  SHAPE_1150RECTX1450       180.000 NO     DARK 
  PAD SHAPE  SHAPE_200RECTX650         180.000 NO     DARK 
  PAD SHAPE  SHAPE_250RECTX800         180.000 NO     DARK 
  PAD SHAPE  SHAPE_950RECTX1000_ETCH   270.000 NO     DARK 
  PAD SHAPE  SHAPE_500RECTX525         270.000 NO     DARK 
  PAD SHAPE  SHAPE_900RECTX1300        270.000 NO     DARK 
  PAD SHAPE  SHAPE_600X1700_ETCH       270.000 NO     DARK 
  PAD SHAPE  SHAPE_600RECTX1350        270.000 NO     DARK 
  PAD SHAPE  SHAPE_300RECT750          270.000 NO     DARK 
  PAD SHAPE  SHAPE_1200RECT1400        270.000 NO     DARK 
  PAD SHAPE  BULLET_300X800_ETCH       270.000 NO     DARK 
  PAD SHAPE  SHAPE_1150RECTX2700_ETCH  270.000 NO     DARK 
  PAD SHAPE  SHAPE_640RECTX650         270.000 NO     DARK 
  PAD SHAPE  SHAPE_350RECTX400_ETCH    270.000 NO     DARK 
  PAD SHAPE  SHAPE_300RECTX1000        270.000 NO     DARK 
  PAD SHAPE  SHAPE_1000RECTX1400       270.000 NO     DARK 
  PAD SHAPE  SHAPE_750RECT750          270.000 NO     DARK 
  PAD SHAPE  SHAPE_1150RECTX1450       270.000 NO     DARK 
  PAD SHAPE  SHAPE_300RECTX700_ETCH    270.000 NO     DARK 
  PAD SHAPE  SHAPE_350RECT800          270.000 NO     DARK 
  PAD SHAPE  SHAPE_200RECTX800         270.000 NO     DARK 
  PAD SHAPE  SHAPE_950RECT1000         270.000 NO     DARK 
  PAD SHAPE  SHAPE_500RECTX525         315.000 NO     DARK 

     LAUNCHXL-CC26X2R1_Top created with warnings


================================================================
     PROCESSING FILM < Bottom >
     TO FILE < C:/PROJECTS/LP-BP/LAUNCHXL-CC26X2R1/DESIGN/HW/CADENCE/allegro/LAUNCHXL-CC26X2R1_Bottom.art > ...
================================================================

  FILM PARAMETERS :
  ---------------------------------------------------------
  Undefined line width                0.099 MM
  Mirror code                         NONE
  Rotate angle                        NONE
  Offset x:                           0.000
  Offset y:                           0.000
  Plot negative                       NO
  Suppress unconnected internal pads  DYNAMIC
  Draw holes only                     NO



  APERTURES USED (UNIT = IN):
  ---------------------------------------------------------
  TYPE       SIZE/NAME                   ROT   MIRROR MODE 
  ---------------------------------------------------------
  CIRCLE     0.00390                                  DARK 
  CIRCLE     0.00394                                  DARK 
  CIRCLE     0.00591                                  DARK 
  CIRCLE     0.00787                                  DARK 
  CIRCLE     0.01181                                  DARK 
  CIRCLE     0.01575                                  DARK 
  CIRCLE     0.01969                                  DARK 
  CIRCLE     0.03150                                  DARK 
  CIRCLE     0.05000                                  DARK 
  CIRCLE     0.06496                                  DARK 
  CIRCLE     0.06689                                  DARK 
  CIRCLE     0.14961                                  DARK 
  OBLONG     0.05512     x 0.08268       0.000 NO     DARK 

     LAUNCHXL-CC26X2R1_Bottom created with warnings


================================================================
     PROCESSING FILM < assembly_top >
     TO FILE < C:/PROJECTS/LP-BP/LAUNCHXL-CC26X2R1/DESIGN/HW/CADENCE/allegro/LAUNCHXL-CC26X2R1_assembly_top.art > ...
================================================================

  FILM PARAMETERS :
  ---------------------------------------------------------
  Undefined line width                0.099 MM
  Mirror code                         NONE
  Rotate angle                        NONE
  Offset x:                           0.000
  Offset y:                           0.000
  Plot negative                       NO
  Suppress unconnected internal pads  DYNAMIC
  Draw holes only                     NO



  APERTURES USED (UNIT = IN):
  ---------------------------------------------------------
  TYPE       SIZE/NAME                   ROT   MIRROR MODE 
  ---------------------------------------------------------
  CIRCLE     0.00118                                  DARK 
  CIRCLE     0.00201                                  DARK 
  CIRCLE     0.00390                                  DARK 
  CIRCLE     0.00394                                  DARK 

     LAUNCHXL-CC26X2R1_assembly_top created with warnings


================================================================
     PROCESSING FILM < drill >
     TO FILE < C:/PROJECTS/LP-BP/LAUNCHXL-CC26X2R1/DESIGN/HW/CADENCE/allegro/LAUNCHXL-CC26X2R1_drill.art > ...
================================================================

  FILM PARAMETERS :
  ---------------------------------------------------------
  Undefined line width                0.099 MM
  Mirror code                         NONE
  Rotate angle                        NONE
  Offset x:                           0.000
  Offset y:                           0.000
  Plot negative                       NO
  Suppress unconnected internal pads  DYNAMIC
  Draw holes only                     NO



  APERTURES USED (UNIT = IN):
  ---------------------------------------------------------
  TYPE       SIZE/NAME                   ROT   MIRROR MODE 
  ---------------------------------------------------------
  CIRCLE     0.00390                                  DARK 
  CIRCLE     0.00394                                  DARK 
  CIRCLE     0.00591                                  DARK 
  CIRCLE     0.01201                                  DARK 

     LAUNCHXL-CC26X2R1_drill created with warnings


================================================================
     PROCESSING FILM < Layer2 >
     TO FILE < C:/PROJECTS/LP-BP/LAUNCHXL-CC26X2R1/DESIGN/HW/CADENCE/allegro/LAUNCHXL-CC26X2R1_Layer2.art > ...
================================================================

  FILM PARAMETERS :
  ---------------------------------------------------------
  Undefined line width                0.020 MM
  Mirror code                         NONE
  Rotate angle                        NONE
  Offset x:                           0.000
  Offset y:                           0.000
  Plot negative                       NO
  Suppress unconnected internal pads  DYNAMIC
  Draw holes only                     NO



  APERTURES USED (UNIT = IN):
  ---------------------------------------------------------
  TYPE       SIZE/NAME                   ROT   MIRROR MODE 
  ---------------------------------------------------------
  CIRCLE     0.00079                                  DARK 
  CIRCLE     0.00390                                  DARK 
  CIRCLE     0.00394                                  DARK 
  CIRCLE     0.00591                                  DARK 
  CIRCLE     0.01575                                  DARK 
  CIRCLE     0.01969                                  DARK 
  CIRCLE     0.06496                                  DARK 
  CIRCLE     0.06689                                  DARK 
  CIRCLE     0.14961                                  DARK 
  OBLONG     0.05512     x 0.08268       0.000 NO     DARK 

     LAUNCHXL-CC26X2R1_Layer2 created with warnings


================================================================
     PROCESSING FILM < Layer3 >
     TO FILE < C:/PROJECTS/LP-BP/LAUNCHXL-CC26X2R1/DESIGN/HW/CADENCE/allegro/LAUNCHXL-CC26X2R1_Layer3.art > ...
================================================================

  FILM PARAMETERS :
  ---------------------------------------------------------
  Undefined line width                0.020 MM
  Mirror code                         NONE
  Rotate angle                        NONE
  Offset x:                           0.000
  Offset y:                           0.000
  Plot negative                       NO
  Suppress unconnected internal pads  DYNAMIC
  Draw holes only                     NO



  APERTURES USED (UNIT = IN):
  ---------------------------------------------------------
  TYPE       SIZE/NAME                   ROT   MIRROR MODE 
  ---------------------------------------------------------
  CIRCLE     0.00079                                  DARK 
  CIRCLE     0.00390                                  DARK 
  CIRCLE     0.00394                                  DARK 
  CIRCLE     0.00591                                  DARK 
  CIRCLE     0.01181                                  DARK 
  CIRCLE     0.01575                                  DARK 
  CIRCLE     0.01969                                  DARK 
  CIRCLE     0.06496                                  DARK 
  CIRCLE     0.06689                                  DARK 
  CIRCLE     0.14961                                  DARK 
  OBLONG     0.05512     x 0.08268       0.000 NO     DARK 

     LAUNCHXL-CC26X2R1_Layer3 created with warnings


------------------------------------------------------
 SUMMARY:
        LAUNCHXL-CC26X2R1_paste_top created with warnings
        LAUNCHXL-CC26X2R1_paste_bottom created with warnings
        LAUNCHXL-CC26X2R1_soldmask_top created with warnings
        LAUNCHXL-CC26X2R1_soldmask_bottom created with warnings
        LAUNCHXL-CC26X2R1_silk_top created with warnings
        LAUNCHXL-CC26X2R1_silk_bottom created with warnings
        LAUNCHXL-CC26X2R1_assembly_bottom created with warnings
        LAUNCHXL-CC26X2R1_Top created with warnings
        LAUNCHXL-CC26X2R1_Bottom created with warnings
        LAUNCHXL-CC26X2R1_assembly_top created with warnings
        LAUNCHXL-CC26X2R1_drill created with warnings
        LAUNCHXL-CC26X2R1_Layer2 created with warnings
        LAUNCHXL-CC26X2R1_Layer3 created with warnings

 ARTWORK had warnings
